TN:
SF:/Users/boen/Desktop/软件工程/lab3/src/lab1.cpp
FNL:0,102,112
FNA:0,8,_ZN4Lab110buildGraphERKNSt3__112basic_stringIcNS0_11char_traitsIcEENS0_9allocatorIcEEEE
FNL:1,115,162
FNA:1,0,_ZN4Lab117showDirectedGraphERK13DirectedGraph
FNL:2,165,189
FNA:2,9,_ZN4Lab116queryBridgeWordsERK13DirectedGraphRKNSt3__112basic_stringIcNS3_11char_traitsIcEENS3_9allocatorIcEEEESB_
FNL:3,192,220
FNA:3,0,_ZN4Lab115generateNewTextERK13DirectedGraphRKNSt3__112basic_stringIcNS3_11char_traitsIcEENS3_9allocatorIcEEEE
FNL:4,223,231
FNA:4,12,_ZN4Lab116calcShortestPathERK13DirectedGraphRKNSt3__112basic_stringIcNS3_11char_traitsIcEENS3_9allocatorIcEEEESB_
FNL:5,234,267
FNA:5,4,_ZZN4Lab116calcShortestPathERK13DirectedGraphRKNSt3__112basic_stringIcNS3_11char_traitsIcEENS3_9allocatorIcEEEESB_ENK3$_0clERNS3_4pairIiS9_EESF_
FNL:6,270,302
FNA:6,0,_ZN4Lab111calPageRankERK13DirectedGraphRKNSt3__112basic_stringIcNS3_11char_traitsIcEENS3_9allocatorIcEEEE
FNL:7,28,30
FNA:7,146,_ZN13DirectedGraph7addNodeERKNSt3__112basic_stringIcNS0_11char_traitsIcEENS0_9allocatorIcEEEE
FNL:8,305,340
FNA:8,0,_ZN4Lab110randomWalkERK13DirectedGraphi
FNL:9,33,38
FNA:9,49,_ZN13DirectedGraph7addEdgeERKNSt3__112basic_stringIcNS0_11char_traitsIcEENS0_9allocatorIcEEEES8_
FNL:10,40,41
FNA:10,32,_ZNK13DirectedGraph7hasNodeERKNSt3__112basic_stringIcNS0_11char_traitsIcEENS0_9allocatorIcEEEE
FNL:11,44,49
FNA:11,6,_ZNK13DirectedGraph5nodesEv
FNL:12,51,52
FNA:12,0,_ZNK13DirectedGraph9nodeCountEv
FNL:13,56,59
FNA:13,22,_ZNK13DirectedGraph8outgoingERKNSt3__112basic_stringIcNS0_11char_traitsIcEENS0_9allocatorIcEEEE
FNL:14,63,66
FNA:14,0,_ZNK13DirectedGraph8incomingERKNSt3__112basic_stringIcNS0_11char_traitsIcEENS0_9allocatorIcEEEE
FNL:15,70,75
FNA:15,0,_ZNK13DirectedGraph9edgeCountEv
FNL:16,79,89
FNA:16,8,_ZN4Lab110preprocessERKNSt3__112basic_stringIcNS0_11char_traitsIcEENS0_9allocatorIcEEEE
FNL:17,92,99
FNA:17,0,_ZN4Lab18readFileERKNSt3__112basic_stringIcNS0_11char_traitsIcEENS0_9allocatorIcEEEERS6_
FNF:18
FNH:10
DA:28,146
DA:29,146
DA:30,146
DA:33,49
DA:34,49
DA:35,49
DA:36,49
DA:37,49
DA:38,49
DA:40,32
DA:41,32
DA:44,6
DA:45,6
DA:46,6
DA:47,21
DA:48,6
DA:49,6
DA:51,0
DA:52,0
DA:56,22
DA:57,22
DA:58,22
DA:59,22
DA:63,0
DA:64,0
DA:65,0
DA:66,0
DA:70,0
DA:71,0
DA:72,0
DA:73,0
DA:74,0
DA:75,0
DA:79,8
DA:80,8
DA:81,8
DA:82,75
DA:83,67
DA:84,28
DA:86,8
DA:87,39
DA:88,8
DA:89,8
DA:92,0
DA:93,0
DA:94,0
DA:95,0
DA:96,0
DA:97,0
DA:98,0
DA:99,0
DA:102,8
DA:103,8
DA:104,8
DA:105,8
DA:106,39
DA:107,31
DA:108,31
DA:109,31
DA:111,8
DA:112,8
DA:115,0
DA:117,0
DA:118,0
DA:119,0
DA:122,0
DA:123,0
DA:125,0
DA:126,0
DA:127,0
DA:128,0
DA:129,0
DA:130,0
DA:131,0
DA:133,0
DA:134,0
DA:136,0
DA:137,0
DA:138,0
DA:139,0
DA:140,0
DA:141,0
DA:142,0
DA:143,0
DA:144,0
DA:145,0
DA:146,0
DA:147,0
DA:148,0
DA:150,0
DA:152,0
DA:153,0
DA:155,0
DA:156,0
DA:157,0
DA:158,0
DA:160,0
DA:161,0
DA:162,0
DA:165,9
DA:167,9
DA:169,9
DA:170,3
DA:171,6
DA:172,14
DA:173,8
DA:174,8
DA:175,6
DA:177,6
DA:178,2
DA:179,4
DA:180,4
DA:181,4
DA:182,10
DA:183,6
DA:184,6
DA:185,6
DA:187,4
DA:188,4
DA:189,9
DA:192,0
DA:193,0
DA:194,0
DA:195,0
DA:196,0
DA:197,0
DA:198,0
DA:199,0
DA:200,0
DA:202,0
DA:203,0
DA:204,0
DA:205,0
DA:207,0
DA:208,0
DA:209,0
DA:210,0
DA:211,0
DA:212,0
DA:214,0
DA:215,0
DA:216,0
DA:217,0
DA:218,0
DA:219,0
DA:220,0
DA:223,12
DA:225,12
DA:226,10
DA:227,14
DA:228,14
DA:229,14
DA:230,29
DA:231,6
DA:234,4
DA:235,6
DA:236,14
DA:237,19
DA:238,49
DA:239,26
DA:240,12
DA:241,24
DA:242,8
DA:243,8
DA:244,8
DA:245,8
DA:246,8
DA:247,8
DA:248,8
DA:250,13
DA:251,2
DA:253,4
DA:254,12
DA:255,8
DA:256,8
DA:257,4
DA:258,4
DA:259,4
DA:260,4
DA:261,12
DA:262,8
DA:263,8
DA:264,8
DA:265,4
DA:266,4
DA:267,40
DA:270,0
DA:271,0
DA:272,0
DA:273,0
DA:274,0
DA:275,0
DA:276,0
DA:277,0
DA:278,0
DA:279,0
DA:281,0
DA:282,0
DA:283,0
DA:284,0
DA:285,0
DA:286,0
DA:288,0
DA:289,0
DA:290,0
DA:291,0
DA:292,0
DA:294,0
DA:296,0
DA:297,0
DA:298,0
DA:301,0
DA:302,0
DA:305,0
DA:306,0
DA:307,0
DA:308,0
DA:309,0
DA:311,0
DA:312,0
DA:313,0
DA:314,0
DA:315,0
DA:316,0
DA:317,0
DA:319,0
DA:320,0
DA:321,0
DA:322,0
DA:323,0
DA:324,0
DA:325,0
DA:326,0
DA:328,0
DA:329,0
DA:330,0
DA:331,0
DA:332,0
DA:333,0
DA:334,0
DA:335,0
DA:336,0
DA:337,0
DA:338,0
DA:339,0
DA:340,0
LF:246
LH:102
end_of_record
