TN:
SF:/Users/boen/Desktop/软件工程/lab3/src/lab1.cpp
FNL:0,102,112
FNA:0,4,_ZN4Lab110buildGraphERKNSt3__112basic_stringIcNS0_11char_traitsIcEENS0_9allocatorIcEEEE
FNL:1,115,162
FNA:1,0,_ZN4Lab117showDirectedGraphERK13DirectedGraph
FNL:2,165,189
FNA:2,5,_ZN4Lab116queryBridgeWordsERK13DirectedGraphRKNSt3__112basic_stringIcNS3_11char_traitsIcEENS3_9allocatorIcEEEESB_
FNL:3,192,220
FNA:3,0,_ZN4Lab115generateNewTextERK13DirectedGraphRKNSt3__112basic_stringIcNS3_11char_traitsIcEENS3_9allocatorIcEEEE
FNL:4,223,231
FNA:4,6,_ZN4Lab116calcShortestPathERK13DirectedGraphRKNSt3__112basic_stringIcNS3_11char_traitsIcEENS3_9allocatorIcEEEESB_
FNL:5,234,267
FNA:5,4,_ZZN4Lab116calcShortestPathERK13DirectedGraphRKNSt3__112basic_stringIcNS3_11char_traitsIcEENS3_9allocatorIcEEEESB_ENK3$_0clERNS3_4pairIiS9_EESF_
FNL:6,270,302
FNA:6,0,_ZN4Lab111calPageRankERK13DirectedGraphRKNSt3__112basic_stringIcNS3_11char_traitsIcEENS3_9allocatorIcEEEE
FNL:7,28,30
FNA:7,94,_ZN13DirectedGraph7addNodeERKNSt3__112basic_stringIcNS0_11char_traitsIcEENS0_9allocatorIcEEEE
FNL:8,305,340
FNA:8,0,_ZN4Lab110randomWalkERK13DirectedGraphi
FNL:9,33,38
FNA:9,35,_ZN13DirectedGraph7addEdgeERKNSt3__112basic_stringIcNS0_11char_traitsIcEENS0_9allocatorIcEEEES8_
FNL:10,40,41
FNA:10,17,_ZNK13DirectedGraph7hasNodeERKNSt3__112basic_stringIcNS0_11char_traitsIcEENS0_9allocatorIcEEEE
FNL:11,44,49
FNA:11,3,_ZNK13DirectedGraph5nodesEv
FNL:12,51,52
FNA:12,0,_ZNK13DirectedGraph9nodeCountEv
FNL:13,56,59
FNA:13,12,_ZNK13DirectedGraph8outgoingERKNSt3__112basic_stringIcNS0_11char_traitsIcEENS0_9allocatorIcEEEE
FNL:14,63,66
FNA:14,0,_ZNK13DirectedGraph8incomingERKNSt3__112basic_stringIcNS0_11char_traitsIcEENS0_9allocatorIcEEEE
FNL:15,70,75
FNA:15,0,_ZNK13DirectedGraph9edgeCountEv
FNL:16,79,89
FNA:16,4,_ZN4Lab110preprocessERKNSt3__112basic_stringIcNS0_11char_traitsIcEENS0_9allocatorIcEEEE
FNL:17,92,99
FNA:17,0,_ZN4Lab18readFileERKNSt3__112basic_stringIcNS0_11char_traitsIcEENS0_9allocatorIcEEEERS6_
FNF:18
FNH:10
DA:28,94
DA:29,94
DA:30,94
DA:33,35
DA:34,35
DA:35,35
DA:36,35
DA:37,35
DA:38,35
DA:40,17
DA:41,17
DA:44,3
DA:45,3
DA:46,3
DA:47,11
DA:48,3
DA:49,3
DA:51,0
DA:52,0
DA:56,12
DA:57,12
DA:58,12
DA:59,12
DA:63,0
DA:64,0
DA:65,0
DA:66,0
DA:70,0
DA:71,0
DA:72,0
DA:73,0
DA:74,0
DA:75,0
DA:79,4
DA:80,4
DA:81,4
DA:82,43
DA:83,39
DA:84,16
DA:86,4
DA:87,19
DA:88,4
DA:89,4
DA:92,0
DA:93,0
DA:94,0
DA:95,0
DA:96,0
DA:97,0
DA:98,0
DA:99,0
DA:102,4
DA:103,4
DA:104,4
DA:105,4
DA:106,19
DA:107,15
DA:108,15
DA:109,15
DA:111,4
DA:112,4
DA:115,0
DA:117,0
DA:118,0
DA:119,0
DA:122,0
DA:123,0
DA:125,0
DA:126,0
DA:127,0
DA:128,0
DA:129,0
DA:130,0
DA:131,0
DA:133,0
DA:134,0
DA:136,0
DA:137,0
DA:138,0
DA:139,0
DA:140,0
DA:141,0
DA:142,0
DA:143,0
DA:144,0
DA:145,0
DA:146,0
DA:147,0
DA:148,0
DA:150,0
DA:152,0
DA:153,0
DA:155,0
DA:156,0
DA:157,0
DA:158,0
DA:160,0
DA:161,0
DA:162,0
DA:165,5
DA:167,5
DA:169,5
DA:170,2
DA:171,3
DA:172,7
DA:173,4
DA:174,4
DA:175,3
DA:177,3
DA:178,1
DA:179,2
DA:180,2
DA:181,2
DA:182,5
DA:183,3
DA:184,3
DA:185,3
DA:187,2
DA:188,2
DA:189,5
DA:192,0
DA:193,0
DA:194,0
DA:195,0
DA:196,0
DA:197,0
DA:198,0
DA:199,0
DA:200,0
DA:202,0
DA:203,0
DA:204,0
DA:205,0
DA:207,0
DA:208,0
DA:209,0
DA:210,0
DA:211,0
DA:212,0
DA:214,0
DA:215,0
DA:216,0
DA:217,0
DA:218,0
DA:219,0
DA:220,0
DA:223,6
DA:225,6
DA:226,5
DA:227,7
DA:228,7
DA:229,7
DA:230,15
DA:231,3
DA:234,4
DA:235,3
DA:236,7
DA:237,11
DA:238,33
DA:239,16
DA:240,7
DA:241,16
DA:242,6
DA:243,6
DA:244,6
DA:245,6
DA:246,6
DA:247,6
DA:248,6
DA:250,8
DA:251,1
DA:253,2
DA:254,6
DA:255,4
DA:256,4
DA:257,2
DA:258,2
DA:259,2
DA:260,2
DA:261,6
DA:262,4
DA:263,4
DA:264,4
DA:265,2
DA:266,2
DA:267,20
DA:270,0
DA:271,0
DA:272,0
DA:273,0
DA:274,0
DA:275,0
DA:276,0
DA:277,0
DA:278,0
DA:279,0
DA:281,0
DA:282,0
DA:283,0
DA:284,0
DA:285,0
DA:286,0
DA:288,0
DA:289,0
DA:290,0
DA:291,0
DA:292,0
DA:294,0
DA:296,0
DA:297,0
DA:298,0
DA:301,0
DA:302,0
DA:305,0
DA:306,0
DA:307,0
DA:308,0
DA:309,0
DA:311,0
DA:312,0
DA:313,0
DA:314,0
DA:315,0
DA:316,0
DA:317,0
DA:319,0
DA:320,0
DA:321,0
DA:322,0
DA:323,0
DA:324,0
DA:325,0
DA:326,0
DA:328,0
DA:329,0
DA:330,0
DA:331,0
DA:332,0
DA:333,0
DA:334,0
DA:335,0
DA:336,0
DA:337,0
DA:338,0
DA:339,0
DA:340,0
LF:246
LH:102
end_of_record
